This is pdfTeX, Version 3.141592653-2.6-1.40.22 (TeX Live 2021/W32TeX) (preloaded format=pdflatex 2021.9.27)  22 SEP 2022 22:39
entering extended mode
 restricted \write18 enabled.
 file:line:error style messages enabled.
 %&-line parsing enabled.
**Transportation-Science-template
(./Transportation-Science-template.tex
LaTeX2e <2020-10-01> patch level 4
L3 programming layer <2021-02-18> (./informs3.cls
Document Class: informs3 2012/08/09 v0.95 LaTeX document class for articles submitted to INFORMS
(d:/Program Files (x86)/texlive/2021/texmf-dist/tex/latex/amsmath/amsmath.sty
Package: amsmath 2020/09/23 v2.17i AMS math features
\@mathmargin=\skip47

For additional information on amsmath, use the `?' option.
(d:/Program Files (x86)/texlive/2021/texmf-dist/tex/latex/amsmath/amstext.sty
Package: amstext 2000/06/29 v2.01 AMS text
 (d:/Program Files (x86)/texlive/2021/texmf-dist/tex/latex/amsmath/amsgen.sty
File: amsgen.sty 1999/11/30 v2.0 generic functions
\@emptytoks=\toks15
\ex@=\dimen138
)) (d:/Program Files (x86)/texlive/2021/texmf-dist/tex/latex/amsmath/amsbsy.sty
Package: amsbsy 1999/11/29 v1.2d Bold Symbols
\pmbraise@=\dimen139
) (d:/Program Files (x86)/texlive/2021/texmf-dist/tex/latex/amsmath/amsopn.sty
Package: amsopn 2016/03/08 v2.02 operator names
)
\inf@bad=\count179
LaTeX Info: Redefining \frac on input line 234.
\uproot@=\count180
\leftroot@=\count181
LaTeX Info: Redefining \overline on input line 399.
\classnum@=\count182
\DOTSCASE@=\count183
LaTeX Info: Redefining \ldots on input line 496.
LaTeX Info: Redefining \dots on input line 499.
LaTeX Info: Redefining \cdots on input line 620.
\Mathstrutbox@=\box47
\strutbox@=\box48
\big@size=\dimen140
LaTeX Font Info:    Redeclaring font encoding OML on input line 743.
LaTeX Font Info:    Redeclaring font encoding OMS on input line 744.
\macc@depth=\count184
\c@MaxMatrixCols=\count185
\dotsspace@=\muskip16
\c@parentequation=\count186
\dspbrk@lvl=\count187
\tag@help=\toks16
\row@=\count188
\column@=\count189
\maxfields@=\count190
\andhelp@=\toks17
\eqnshift@=\dimen141
\alignsep@=\dimen142
\tagshift@=\dimen143
\tagwidth@=\dimen144
\totwidth@=\dimen145
\lineht@=\dimen146
\@envbody=\toks18
\multlinegap=\skip48
\multlinetaggap=\skip49
\mathdisplay@stack=\toks19
LaTeX Info: Redefining \[ on input line 2923.
LaTeX Info: Redefining \] on input line 2924.
) (d:/Program Files (x86)/texlive/2021/texmf-dist/tex/latex/amsfonts/amssymb.sty
Package: amssymb 2013/01/14 v3.01 AMS font symbols
 (d:/Program Files (x86)/texlive/2021/texmf-dist/tex/latex/amsfonts/amsfonts.sty
Package: amsfonts 2013/01/14 v3.01 Basic AMSFonts support
\symAMSa=\mathgroup4
\symAMSb=\mathgroup5
LaTeX Font Info:    Redeclaring math symbol \hbar on input line 98.
LaTeX Font Info:    Overwriting math alphabet `\mathfrak' in version `bold'
(Font)                  U/euf/m/n --> U/euf/b/n on input line 106.
)) (d:/Program Files (x86)/texlive/2021/texmf-dist/tex/latex/base/ifthen.sty
Package: ifthen 2014/09/29 v1.1c Standard LaTeX ifthen package (DPC)
) (d:/Program Files (x86)/texlive/2021/texmf-dist/tex/latex/url/url.sty
\Urlmuskip=\muskip17
Package: url 2013/09/16  ver 3.4  Verb mode for urls, etc.
) (d:/Program Files (x86)/texlive/2021/texmf-dist/tex/latex/graphics/graphicx.sty
Package: graphicx 2020/09/09 v1.2b Enhanced LaTeX Graphics (DPC,SPQR)
 (d:/Program Files (x86)/texlive/2021/texmf-dist/tex/latex/graphics/keyval.sty
Package: keyval 2014/10/28 v1.15 key=value parser (DPC)
\KV@toks@=\toks20
) (d:/Program Files (x86)/texlive/2021/texmf-dist/tex/latex/graphics/graphics.sty
Package: graphics 2020/08/30 v1.4c Standard LaTeX Graphics (DPC,SPQR)
 (d:/Program Files (x86)/texlive/2021/texmf-dist/tex/latex/graphics/trig.sty
Package: trig 2016/01/03 v1.10 sin cos tan (DPC)
) (d:/Program Files (x86)/texlive/2021/texmf-dist/tex/latex/graphics-cfg/graphics.cfg
File: graphics.cfg 2016/06/04 v1.11 sample graphics configuration
)
Package graphics Info: Driver file: pdftex.def on input line 105.
 (d:/Program Files (x86)/texlive/2021/texmf-dist/tex/latex/graphics-def/pdftex.def
File: pdftex.def 2020/10/05 v1.2a Graphics/color driver for pdftex
))
\Gin@req@height=\dimen147
\Gin@req@width=\dimen148
) (d:/Program Files (x86)/texlive/2021/texmf-dist/tex/latex/graphics/color.sty
Package: color 2020/02/24 v1.2b Standard LaTeX Color (DPC)
 (d:/Program Files (x86)/texlive/2021/texmf-dist/tex/latex/graphics-cfg/color.cfg
File: color.cfg 2016/01/02 v1.6 sample color configuration
)
Package color Info: Driver file: pdftex.def on input line 147.
) (d:/Program Files (x86)/texlive/2021/texmf-dist/tex/latex/tools/array.sty
Package: array 2020/10/01 v2.5c Tabular extension package (FMi)
\col@sep=\dimen149
\ar@mcellbox=\box49
\extrarowheight=\dimen150
\NC@list=\toks21
\extratabsurround=\skip50
\backup@length=\skip51
\ar@cellbox=\box50
) (d:/Program Files (x86)/texlive/2021/texmf-dist/tex/latex/tools/theorem.sty
Package: theorem 2014/10/28 v2.2c Theorem extension package (FMi)
\theorem@style=\toks22
\theorem@bodyfont=\toks23
\theorempreskipamount=\skip52
\theorempostskipamount=\skip53
 (d:/Program Files (x86)/texlive/2021/texmf-dist/tex/latex/tools/thp.sty
File: thp.sty 2014/10/28 v2.2c Theorem extension package (FMi)
))
\symboperators=\mathgroup6
\symbletters=\mathgroup7
\symbsymbols=\mathgroup8
\markwidth=\dimen151
\blth=\dimen152
\marklength=\dimen153
\markdistance=\dimen154
\trimwidth=\dimen155
\trimheight=\dimen156
\auxaaa=\dimen157
\auxbbb=\dimen158
\auxccc=\dimen159
\auxddd=\dimen160
\c@nowappendix=\count191
\@bls=\dimen161
\@em=\dimen162
\tempbox=\box51
\tempdim=\dimen163
\tempdimht=\dimen164
\adim=\dimen165
\c@figure=\count192
\c@table=\count193
\adim=\dimen166
\ABSwidth=\dimen167
\clineHT=\dimen168
\clineDP=\dimen169
\labelwidthi=\dimen170
\labelwidthii=\dimen171
\labelwidthiii=\dimen172
\labelwidthiv=\dimen173
\@maxlistdepth=\count194
\c@part=\count195
\c@chapter=\count196
\c@section=\count197
\c@subsection=\count198
\c@subsubsection=\count199
\c@paragraph=\count266
\c@subparagraph=\count267
\@tempboxa=\box52
\@tempboxb=\box53
) (d:/Program Files (x86)/texlive/2021/texmf-dist/tex/latex/natbib/natbib.sty
Package: natbib 2010/09/13 8.31b (PWD, AO)
\bibhang=\skip54
\bibsep=\skip55
LaTeX Info: Redefining \cite on input line 694.
\c@NAT@ctr=\count268
) (d:/Program Files (x86)/texlive/2021/texmf-dist/tex/latex/lineno/lineno.sty
Package: lineno 2005/11/02 line numbers on paragraphs v4.41
\linenopenalty=\count269
\output=\toks24
\linenoprevgraf=\count270
\linenumbersep=\dimen174
\linenumberwidth=\dimen175
\c@linenumber=\count271
\c@pagewiselinenumber=\count272
\c@LN@truepage=\count273
\c@internallinenumber=\count274
\c@internallinenumbers=\count275
\quotelinenumbersep=\dimen176
\bframerule=\dimen177
\bframesep=\dimen178
\bframebox=\box54
LaTeX Info: Redefining \\ on input line 3056.
) (d:/Program Files (x86)/texlive/2021/texmf-dist/tex/latex/txfonts/txfonts.sty
Package: txfonts 2008/01/22 v3.2.1
LaTeX Font Info:    Redeclaring symbol font `operators' on input line 21.
LaTeX Font Info:    Overwriting symbol font `operators' in version `normal'
(Font)                  OT1/cmr/m/n --> OT1/txr/m/n on input line 21.
LaTeX Font Info:    Overwriting symbol font `operators' in version `bold'
(Font)                  OT1/cmr/bx/n --> OT1/txr/m/n on input line 21.
LaTeX Font Info:    Overwriting symbol font `operators' in version `bold'
(Font)                  OT1/txr/m/n --> OT1/txr/bx/n on input line 22.
\symitalic=\mathgroup9
LaTeX Font Info:    Overwriting symbol font `italic' in version `bold'
(Font)                  OT1/txr/m/it --> OT1/txr/bx/it on input line 26.
LaTeX Font Info:    Redeclaring math alphabet \mathbf on input line 29.
LaTeX Font Info:    Overwriting math alphabet `\mathbf' in version `normal'
(Font)                  OT1/cmr/bx/n --> OT1/txr/bx/n on input line 29.
LaTeX Font Info:    Overwriting math alphabet `\mathbf' in version `bold'
(Font)                  OT1/cmr/bx/n --> OT1/txr/bx/n on input line 29.
LaTeX Font Info:    Redeclaring math alphabet \mathit on input line 30.
LaTeX Font Info:    Overwriting math alphabet `\mathit' in version `normal'
(Font)                  OT1/cmr/m/it --> OT1/txr/m/it on input line 30.
LaTeX Font Info:    Overwriting math alphabet `\mathit' in version `bold'
(Font)                  OT1/cmr/bx/it --> OT1/txr/m/it on input line 30.
LaTeX Font Info:    Overwriting math alphabet `\mathit' in version `bold'
(Font)                  OT1/txr/m/it --> OT1/txr/bx/it on input line 31.
LaTeX Font Info:    Redeclaring math alphabet \mathsf on input line 40.
LaTeX Font Info:    Overwriting math alphabet `\mathsf' in version `normal'
(Font)                  OT1/cmss/m/n --> OT1/txss/m/n on input line 40.
LaTeX Font Info:    Overwriting math alphabet `\mathsf' in version `bold'
(Font)                  OT1/cmss/bx/n --> OT1/txss/m/n on input line 40.
LaTeX Font Info:    Overwriting math alphabet `\mathsf' in version `bold'
(Font)                  OT1/txss/m/n --> OT1/txss/b/n on input line 41.
LaTeX Font Info:    Redeclaring math alphabet \mathtt on input line 50.
LaTeX Font Info:    Overwriting math alphabet `\mathtt' in version `normal'
(Font)                  OT1/cmtt/m/n --> OT1/txtt/m/n on input line 50.
LaTeX Font Info:    Overwriting math alphabet `\mathtt' in version `bold'
(Font)                  OT1/cmtt/m/n --> OT1/txtt/m/n on input line 50.
LaTeX Font Info:    Overwriting math alphabet `\mathtt' in version `bold'
(Font)                  OT1/txtt/m/n --> OT1/txtt/b/n on input line 51.
LaTeX Font Info:    Redeclaring symbol font `letters' on input line 58.
LaTeX Font Info:    Overwriting symbol font `letters' in version `normal'
(Font)                  OML/cmm/m/it --> OML/txmi/m/it on input line 58.
LaTeX Font Info:    Overwriting symbol font `letters' in version `bold'
(Font)                  OML/cmm/b/it --> OML/txmi/m/it on input line 58.
LaTeX Font Info:    Overwriting symbol font `letters' in version `bold'
(Font)                  OML/txmi/m/it --> OML/txmi/bx/it on input line 59.
\symlettersA=\mathgroup10
LaTeX Font Info:    Overwriting symbol font `lettersA' in version `bold'
(Font)                  U/txmia/m/it --> U/txmia/bx/it on input line 67.
LaTeX Font Info:    Redeclaring math alphabet \mathfrak on input line 70.
LaTeX Font Info:    Redeclaring symbol font `symbols' on input line 77.
LaTeX Font Info:    Overwriting symbol font `symbols' in version `normal'
(Font)                  OMS/cmsy/m/n --> OMS/txsy/m/n on input line 77.
LaTeX Font Info:    Overwriting symbol font `symbols' in version `bold'
(Font)                  OMS/cmsy/b/n --> OMS/txsy/m/n on input line 77.
LaTeX Font Info:    Overwriting symbol font `symbols' in version `bold'
(Font)                  OMS/txsy/m/n --> OMS/txsy/bx/n on input line 78.
LaTeX Font Info:    Redeclaring symbol font `AMSa' on input line 93.
LaTeX Font Info:    Overwriting symbol font `AMSa' in version `normal'
(Font)                  U/msa/m/n --> U/txsya/m/n on input line 93.
LaTeX Font Info:    Overwriting symbol font `AMSa' in version `bold'
(Font)                  U/msa/m/n --> U/txsya/m/n on input line 93.
LaTeX Font Info:    Overwriting symbol font `AMSa' in version `bold'
(Font)                  U/txsya/m/n --> U/txsya/bx/n on input line 94.
LaTeX Font Info:    Redeclaring symbol font `AMSb' on input line 102.
LaTeX Font Info:    Overwriting symbol font `AMSb' in version `normal'
(Font)                  U/msb/m/n --> U/txsyb/m/n on input line 102.
LaTeX Font Info:    Overwriting symbol font `AMSb' in version `bold'
(Font)                  U/msb/m/n --> U/txsyb/m/n on input line 102.
LaTeX Font Info:    Overwriting symbol font `AMSb' in version `bold'
(Font)                  U/txsyb/m/n --> U/txsyb/bx/n on input line 103.
\symsymbolsC=\mathgroup11
LaTeX Font Info:    Overwriting symbol font `symbolsC' in version `bold'
(Font)                  U/txsyc/m/n --> U/txsyc/bx/n on input line 113.
LaTeX Font Info:    Redeclaring symbol font `largesymbols' on input line 120.
LaTeX Font Info:    Overwriting symbol font `largesymbols' in version `normal'
(Font)                  OMX/cmex/m/n --> OMX/txex/m/n on input line 120.
LaTeX Font Info:    Overwriting symbol font `largesymbols' in version `bold'
(Font)                  OMX/cmex/m/n --> OMX/txex/m/n on input line 120.
LaTeX Font Info:    Overwriting symbol font `largesymbols' in version `bold'
(Font)                  OMX/txex/m/n --> OMX/txex/bx/n on input line 121.
\symlargesymbolsA=\mathgroup12
LaTeX Font Info:    Overwriting symbol font `largesymbolsA' in version `bold'
(Font)                  U/txexa/m/n --> U/txexa/bx/n on input line 129.
LaTeX Font Info:    Redeclaring math symbol \mathsterling on input line 164.
LaTeX Info: Redefining \not on input line 1043.
) (d:/Program Files (x86)/texlive/2021/texmf-dist/tex/latex/enumitem/enumitem.sty
Package: enumitem 2019/06/20 v3.9 Customized lists
\labelindent=\skip56
\enit@outerparindent=\dimen179
\enit@toks=\toks25
\enit@inbox=\box55
\enit@count@id=\count276
\enitdp@description=\count277
) (d:/Program Files (x86)/texlive/2021/texmf-dist/tex/latex/multirow/multirow.sty
Package: multirow 2021/03/15 v2.8 Span multiple rows of a table
\multirow@colwidth=\skip57
\multirow@cntb=\count278
\multirow@dima=\skip58
\bigstrutjot=\dimen180
) (d:/Program Files (x86)/texlive/2021/texmf-dist/tex/latex/booktabs/booktabs.sty
Package: booktabs 2020/01/12 v1.61803398 Publication quality tables
\heavyrulewidth=\dimen181
\lightrulewidth=\dimen182
\cmidrulewidth=\dimen183
\belowrulesep=\dimen184
\belowbottomsep=\dimen185
\aboverulesep=\dimen186
\abovetopsep=\dimen187
\cmidrulesep=\dimen188
\cmidrulekern=\dimen189
\defaultaddspace=\dimen190
\@cmidla=\count279
\@cmidlb=\count280
\@aboverulesep=\dimen191
\@belowrulesep=\dimen192
\@thisruleclass=\count281
\@lastruleclass=\count282
\@thisrulewidth=\dimen193
) (d:/Program Files (x86)/texlive/2021/texmf-dist/tex/latex/tools/longtable.sty
Package: longtable 2020/01/07 v4.13 Multi-page Table package (DPC)
\LTleft=\skip59
\LTright=\skip60
\LTpre=\skip61
\LTpost=\skip62
\LTchunksize=\count283
\LTcapwidth=\dimen194
\LT@head=\box56
\LT@firsthead=\box57
\LT@foot=\box58
\LT@lastfoot=\box59
\LT@cols=\count284
\LT@rows=\count285
\c@LT@tables=\count286
\c@LT@chunks=\count287
\LT@p@ftn=\toks26
) (d:/Program Files (x86)/texlive/2021/texmf-dist/tex/latex/tools/bm.sty
Package: bm 2019/07/24 v1.2d Bold Symbol Support (DPC/FMi)
\symboldoperators=\mathgroup13
\symboldletters=\mathgroup14
\symboldsymbols=\mathgroup15
LaTeX Font Info:    Redeclaring math alphabet \mathbf on input line 141.
LaTeX Info: Redefining \bm on input line 209.
) (d:/Program Files (x86)/texlive/2021/texmf-dist/tex/latex/setspace/setspace.sty
Package: setspace 2011/12/19 v6.7a set line spacing
)
\c@theorem=\count288
\c@lemma=\count289
\c@proposition=\count290
\c@corollary=\count291
\c@claim=\count292
\c@conjecture=\count293
\c@hypothesis=\count294
\c@assumption=\count295
\c@remark=\count296
\c@example=\count297
\c@problem=\count298
\c@definition=\count299
\c@question=\count300
\c@answer=\count301
\c@exercise=\count302
LaTeX Font Info:    Trying to load font information for OT1+txr on input line 66.
 (d:/Program Files (x86)/texlive/2021/texmf-dist/tex/latex/txfonts/ot1txr.fd
File: ot1txr.fd 2000/12/15 v3.1
) (d:/Program Files (x86)/texlive/2021/texmf-dist/tex/latex/l3backend/l3backend-pdftex.def
File: l3backend-pdftex.def 2021-03-18 L3 backend support: PDF output (pdfTeX)
\l__color_backend_stack_int=\count303
\l__pdf_internal_box=\box60
) (./Transportation-Science-template.aux)
\openout1 = `Transportation-Science-template.aux'.

LaTeX Font Info:    Checking defaults for OML/txmi/m/it on input line 66.
LaTeX Font Info:    Trying to load font information for OML+txmi on input line 66.
 (d:/Program Files (x86)/texlive/2021/texmf-dist/tex/latex/txfonts/omltxmi.fd
File: omltxmi.fd 2000/12/15 v3.1
)
LaTeX Font Info:    ... okay on input line 66.
LaTeX Font Info:    Checking defaults for OMS/txsy/m/n on input line 66.
LaTeX Font Info:    Trying to load font information for OMS+txsy on input line 66.
 (d:/Program Files (x86)/texlive/2021/texmf-dist/tex/latex/txfonts/omstxsy.fd
File: omstxsy.fd 2000/12/15 v3.1
)
LaTeX Font Info:    ... okay on input line 66.
LaTeX Font Info:    Checking defaults for OT1/cmr/m/n on input line 66.
LaTeX Font Info:    ... okay on input line 66.
LaTeX Font Info:    Checking defaults for T1/cmr/m/n on input line 66.
LaTeX Font Info:    ... okay on input line 66.
LaTeX Font Info:    Checking defaults for TS1/cmr/m/n on input line 66.
LaTeX Font Info:    ... okay on input line 66.
LaTeX Font Info:    Checking defaults for OMX/txex/m/n on input line 66.
LaTeX Font Info:    Trying to load font information for OMX+txex on input line 66.
 (d:/Program Files (x86)/texlive/2021/texmf-dist/tex/latex/txfonts/omxtxex.fd
File: omxtxex.fd 2000/12/15 v3.1
)
LaTeX Font Info:    ... okay on input line 66.
LaTeX Font Info:    Checking defaults for U/txexa/m/n on input line 66.
LaTeX Font Info:    Trying to load font information for U+txexa on input line 66.
 (d:/Program Files (x86)/texlive/2021/texmf-dist/tex/latex/txfonts/utxexa.fd
File: utxexa.fd 2000/12/15 v3.1
)
LaTeX Font Info:    ... okay on input line 66.
 (d:/Program Files (x86)/texlive/2021/texmf-dist/tex/context/base/mkii/supp-pdf.mkii
[Loading MPS to PDF converter (version 2006.09.02).]
\scratchcounter=\count304
\scratchdimen=\dimen195
\scratchbox=\box61
\nofMPsegments=\count305
\nofMParguments=\count306
\everyMPshowfont=\toks27
\MPscratchCnt=\count307
\MPscratchDim=\dimen196
\MPnumerator=\count308
\makeMPintoPDFobject=\count309
\everyMPtoPDFconversion=\toks28
) (d:/Program Files (x86)/texlive/2021/texmf-dist/tex/latex/epstopdf-pkg/epstopdf-base.sty
Package: epstopdf-base 2020-01-24 v2.11 Base part for package epstopdf
Package epstopdf-base Info: Redefining graphics rule for `.eps' on input line 485.
 (d:/Program Files (x86)/texlive/2021/texmf-dist/tex/latex/latexconfig/epstopdf-sys.cfg
File: epstopdf-sys.cfg 2010/07/13 v1.3 Configuration of (r)epstopdf for TeX Live
))
LaTeX Font Info:    Font shape `OT1/txr/b/n' in size <12> not available
(Font)              Font shape `OT1/txr/bx/n' tried instead on input line 128.
LaTeX Font Info:    Trying to load font information for U+txsya on input line 128.
 (d:/Program Files (x86)/texlive/2021/texmf-dist/tex/latex/txfonts/utxsya.fd
File: utxsya.fd 2000/12/15 v3.1
)
LaTeX Font Info:    Trying to load font information for U+txsyb on input line 128.
 (d:/Program Files (x86)/texlive/2021/texmf-dist/tex/latex/txfonts/utxsyb.fd
File: utxsyb.fd 2000/12/15 v3.1
)
LaTeX Font Info:    Trying to load font information for U+txmia on input line 128.
 (d:/Program Files (x86)/texlive/2021/texmf-dist/tex/latex/txfonts/utxmia.fd
File: utxmia.fd 2000/12/15 v3.1
)
LaTeX Font Info:    Trying to load font information for U+txsyc on input line 128.
 (d:/Program Files (x86)/texlive/2021/texmf-dist/tex/latex/txfonts/utxsyc.fd
File: utxsyc.fd 2000/12/15 v3.1
)
LaTeX Font Info:    Font shape `OT1/txr/b/it' in size <12> not available
(Font)              Font shape `OT1/txr/bx/it' tried instead on input line 128.
LaTeX Font Info:    Font shape `OT1/txr/b/n' in size <10> not available
(Font)              Font shape `OT1/txr/bx/n' tried instead on input line 128.
LaTeX Font Info:    Trying to load font information for OMS+txr on input line 128.
 (d:/Program Files (x86)/texlive/2021/texmf-dist/tex/latex/txfonts/omstxr.fd
File: omstxr.fd 2000/12/15 v3.1
)
LaTeX Font Info:    Font shape `OMS/txr/m/n' in size <8> not available
(Font)              Font shape `OMS/txsy/m/n' tried instead on input line 128.
LaTeX Font Info:    Font shape `OT1/txr/b/n' in size <13> not available
(Font)              Font shape `OT1/txr/bx/n' tried instead on input line 145.
 [1

{d:/Program Files (x86)/texlive/2021/texmf-var/fonts/map/pdftex/updmap/pdftex.map}]
LaTeX Font Info:    Font shape `OT1/txr/b/n' in size <7> not available
(Font)              Font shape `OT1/txr/bx/n' tried instead on input line 173.
 [2] [3]
LaTeX Font Info:    Font shape `OT1/txr/b/n' in size <11> not available
(Font)              Font shape `OT1/txr/bx/n' tried instead on input line 189.
<figs/fig1.png, id=18, 443.8035pt x 102.492pt>
File: figs/fig1.png Graphic file (type png)
<use figs/fig1.png>
Package pdftex.def Info: figs/fig1.png  used on input line 194.
(pdftex.def)             Requested size: 398.33858pt x 91.9964pt.
LaTeX Font Info:    Trying to load font information for OT1+txss on input line 195.
 (d:/Program Files (x86)/texlive/2021/texmf-dist/tex/latex/txfonts/ot1txss.fd
File: ot1txss.fd 2000/12/15 v3.1
)
LaTeX Font Info:    Font shape `OT1/txss/m/n' will be
(Font)              scaled to size 8.54997pt on input line 195.
LaTeX Font Info:    Font shape `OT1/txss/b/n' will be
(Font)              scaled to size 8.54997pt on input line 195.
 [4 <./figs/fig1.png>]
<figs/fig2.png, id=25, 719.8092pt x 248.127pt>
File: figs/fig2.png Graphic file (type png)
<use figs/fig2.png>
Package pdftex.def Info: figs/fig2.png  used on input line 230.
(pdftex.def)             Requested size: 341.43306pt x 117.69873pt.
 [5] [6 <./figs/fig2.png>]
<figs/fig3.png, id=34, 886.9938pt x 214.8828pt>
File: figs/fig3.png Graphic file (type png)
<use figs/fig3.png>
Package pdftex.def Info: figs/fig3.png  used on input line 290.
(pdftex.def)             Requested size: 398.33858pt x 96.5029pt.
 [7 <./figs/fig3.png>] [8] [9]
Underfull \vbox (badness 6047) has occurred while \output is active []

 [10] [11]
<figs/fig4.png, id=54, 1559.8275pt x 935.495pt>
File: figs/fig4.png Graphic file (type png)
<use figs/fig4.png>
Package pdftex.def Info: figs/fig4.png  used on input line 581.
(pdftex.def)             Requested size: 398.33858pt x 238.89778pt.
 [12 <./figs/fig4.png>]
<figs/fig5.png, id=59, 564.9105pt x 299.9205pt>
File: figs/fig5.png Graphic file (type png)
<use figs/fig5.png>
Package pdftex.def Info: figs/fig5.png  used on input line 604.
(pdftex.def)             Requested size: 184.9429pt x 98.18692pt.
<figs/fig6.png, id=60, 507.69675pt x 486.01575pt>
File: figs/fig6.png Graphic file (type png)
<use figs/fig6.png>
Package pdftex.def Info: figs/fig6.png  used on input line 616.
(pdftex.def)             Requested size: 170.71652pt x 163.42624pt.
 [13 <./figs/fig5.png (PNG copy)>]

LaTeX Font Warning: Font shape `OT1/cmr/bx/n' in size <6.5> not available
(Font)              size <6> substituted on input line 632.


LaTeX Font Warning: Font shape `OML/cmm/b/it' in size <6.5> not available
(Font)              size <6> substituted on input line 632.


LaTeX Font Warning: Font shape `OMS/cmsy/b/n' in size <6.5> not available
(Font)              size <6> substituted on input line 632.

<figs/fig7.png, id=65, 473.6094pt x 237.0456pt>
File: figs/fig7.png Graphic file (type png)
<use figs/fig7.png>
Package pdftex.def Info: figs/fig7.png  used on input line 653.
(pdftex.def)             Requested size: 241.84842pt x 121.05078pt.
<figs/fig8.png, id=66, 317.988pt x 370.0224pt>
File: figs/fig8.png Graphic file (type png)
<use figs/fig8.png>
Package pdftex.def Info: figs/fig8.png  used on input line 665.
(pdftex.def)             Requested size: 170.71652pt x 198.65166pt.
[14 <./figs/fig6.png (PNG copy)>] [15 <./figs/fig7.png> <./figs/fig8.png>]
<figs/fig9.png, id=75, 1697.6223pt x 1401.3153pt>
File: figs/fig9.png Graphic file (type png)
<use figs/fig9.png>
Package pdftex.def Info: figs/fig9.png  used on input line 711.
(pdftex.def)             Requested size: 398.33858pt x 328.79596pt.
 [16]
<figs/fig10.png, id=79, 1279.179pt x 1098.504pt>
File: figs/fig10.png Graphic file (type png)
<use figs/fig10.png>
Package pdftex.def Info: figs/fig10.png  used on input line 750.
(pdftex.def)             Requested size: 398.33858pt x 342.07481pt.
 [17 <./figs/fig9.png>]
Underfull \hbox (badness 10000) in paragraph at lines 767--768

 []


Underfull \hbox (badness 10000) in paragraph at lines 767--768

 []

[18 <./figs/fig10.png>]
<figs/c_form.png, id=88, 1328.965pt x 1575.8875pt>
File: figs/c_form.png Graphic file (type png)
<use figs/c_form.png>
Package pdftex.def Info: figs/c_form.png  used on input line 780.
(pdftex.def)             Requested size: 398.33858pt x 472.33707pt.
<figs/form_detail.png, id=89, 1756.161pt x 1767.36285pt>
File: figs/form_detail.png Graphic file (type png)
<use figs/form_detail.png>
Package pdftex.def Info: figs/form_detail.png  used on input line 787.
(pdftex.def)             Requested size: 398.33858pt x 400.87563pt.
<figs/c_split.png, id=90, 1328.965pt x 1575.8875pt>
File: figs/c_split.png Graphic file (type png)
<use figs/c_split.png>
Package pdftex.def Info: figs/c_split.png  used on input line 794.
(pdftex.def)             Requested size: 398.33858pt x 472.33707pt.
<figs/split_detail.png, id=91, 1756.161pt x 1767.36285pt>
File: figs/split_detail.png Graphic file (type png)
<use figs/split_detail.png>
Package pdftex.def Info: figs/split_detail.png  used on input line 801.
(pdftex.def)             Requested size: 398.33858pt x 400.87563pt.
 [19] [20 <./figs/c_form.png>] [21 <./figs/form_detail.png>] [22 <./figs/c_split.png>] [23 <./figs/split_detail.png>]
<figs/f_YK_form.png, id=112, 1328.965pt x 1575.8875pt>
File: figs/f_YK_form.png Graphic file (type png)
<use figs/f_YK_form.png>
Package pdftex.def Info: figs/f_YK_form.png  used on input line 859.
(pdftex.def)             Requested size: 398.33858pt x 472.33707pt.
<figs/fluat_detail.png, id=113, 1756.52235pt x 1776.03525pt>
File: figs/fluat_detail.png Graphic file (type png)
<use figs/fluat_detail.png>
Package pdftex.def Info: figs/fluat_detail.png  used on input line 866.
(pdftex.def)             Requested size: 398.33858pt x 402.7614pt.
 [24 <./figs/f_YK_form.png>] [25 <./figs/fluat_detail.png>]
<figs/extendfig7.png, id=123, 1208.515pt x 1653.17625pt>
File: figs/extendfig7.png Graphic file (type png)
<use figs/extendfig7.png>
Package pdftex.def Info: figs/extendfig7.png  used on input line 903.
(pdftex.def)             Requested size: 398.33858pt x 544.894pt.
 [26]

LaTeX Warning: Text page 27 contains only floats.

[27 <./figs/extendfig7.png>]
Underfull \hbox (badness 3019) in paragraph at lines 948--948
\OT1/txr/m/n/10 This research was spon-sored by the National Key Research and Devel-op-ment Pro-gram of China (No.
 []

<figs/experiment.jpg, id=131, 1084.05pt x 1084.05pt>
File: figs/experiment.jpg Graphic file (type jpg)
<use figs/experiment.jpg>
Package pdftex.def Info: figs/experiment.jpg  used on input line 962.
(pdftex.def)             Requested size: 398.33858pt x 398.32983pt.
<figs/fig14.png, id=132, 962.84718pt x 305.64188pt>
File: figs/fig14.png Graphic file (type png)
<use figs/fig14.png>
Package pdftex.def Info: figs/fig14.png  used on input line 989.
(pdftex.def)             Requested size: 398.33858pt x 126.44258pt.
[28] [29 <./figs/experiment.jpg> <./figs/fig14.png (PNG copy)>]
Underfull \vbox (badness 10000) has occurred while \output is active []

 [30] (./Transportation-Science-template.bbl [31]
LaTeX Font Info:    Trying to load font information for OT1+txtt on input line 86.
 (d:/Program Files (x86)/texlive/2021/texmf-dist/tex/latex/txfonts/ot1txtt.fd
File: ot1txtt.fd 2000/12/15 v3.1
) [32] [33]) [34] (./Transportation-Science-template.aux)

LaTeX Font Warning: Size substitutions with differences
(Font)              up to 0.5pt have occurred.

 ) 
Here is how much of TeX's memory you used:
 5928 strings out of 480901
 78443 string characters out of 5904182
 393583 words of memory out of 5000000
 23004 multiletter control sequences out of 15000+600000
 486257 words of font info for 222 fonts, out of 8000000 for 9000
 36 hyphenation exceptions out of 8191
 83i,15n,88p,1463b,515s stack positions out of 5000i,500n,10000p,200000b,80000s
{d:/Program Files (x86)/texlive/2021/texmf-dist/fonts/enc/dvips/base/8r.enc}<d:/Program Files (x86)/texlive/2021/texmf-dist/fonts/type1/public/txfonts/rtxi.pfb><d:/Program Files (x86)/texlive/2021/texmf-dist/fonts/type1/public/txfonts/rtxmi.pfb><d:/Program Files (x86)/texlive/2021/texmf-dist/fonts/type1/public/txfonts/rtxr.pfb><d:/Program Files (x86)/texlive/2021/texmf-dist/fonts/type1/public/txfonts/txex.pfb><d:/Program Files (x86)/texlive/2021/texmf-dist/fonts/type1/public/txfonts/txsy.pfb><d:/Program Files (x86)/texlive/2021/texmf-dist/fonts/type1/public/txfonts/txsyb.pfb><d:/Program Files (x86)/texlive/2021/texmf-dist/fonts/type1/public/txfonts/txtt.pfb><d:/Program Files (x86)/texlive/2021/texmf-dist/fonts/type1/urw/helvetic/uhvb8a.pfb><d:/Program Files (x86)/texlive/2021/texmf-dist/fonts/type1/urw/times/utmb8a.pfb><d:/Program Files (x86)/texlive/2021/texmf-dist/fonts/type1/urw/times/utmbi8a.pfb><d:/Program Files (x86)/texlive/2021/texmf-dist/fonts/type1/urw/times/utmr8a.pfb><d:/Program Files (x86)/texlive/2021/texmf-dist/fonts/type1/urw/times/utmri8a.pfb>
Output written on Transportation-Science-template.pdf (34 pages, 16799001 bytes).
PDF statistics:
 198 PDF objects out of 1000 (max. 8388607)
 114 compressed objects within 2 object streams
 0 named destinations out of 1000 (max. 500000)
 96 words of extra memory for PDF output out of 10000 (max. 10000000)

