INFO:  latexindent.exe version 3.9.1, 2021-03-21, a script to indent .tex files
       latexindent.exe lives here: D:/Program Files (x86)/texlive/2021/bin/win32/
       Sun Jun 19 09:42:03 2022
       Filename: d:/LaTeX_manuscript/elsevier_latexÄ£°å/__latexindent_temp.tex
INFO:  Processing switches:
       -y|--yaml: YAML settings specified via command line
       -c|--cruft: cruft directory
INFO:  Directory for backup files and d:/LaTeX_manuscript/IEEE-Transactions-LaTeX2e-templates-and-instructions//indent.log: d:/LaTeX_manuscript/IEEE-Transactions-LaTeX2e-templates-and-instructions/
INFO:  YAML settings read: defaultSettings.yaml
        Reading defaultSettings.yaml from D:/Program Files (x86)/texlive/2021/bin/win32/defaultSettings.yaml
       Reading defaultSettings.yaml (2nd attempt, TeXLive, Windows) from D:/Program Files (x86)/texlive/2021/bin/win32/../../texmf-dist/scripts/latexindent/defaultSettings.yaml
INFO:  YAML settings read: indentconfig.yaml or .indentconfig.yaml
       Home directory is C:\Users\ÈîÌì³Ð (didn't find either indentconfig.yaml or .indentconfig.yaml)
       To specify user settings you would put indentconfig.yaml here: C:\Users\ÈîÌì³Ð/indentconfig.yaml
       Alternatively, you can use the hidden file .indentconfig.yaml as: C:\Users\ÈîÌì³Ð/.indentconfig.yaml
INFO:  YAML settings read: -y switch
       YAML setting: defaultIndent:'  '
       Updating masterSettings with defaultIndent:   
INFO:  Phase 1: searching for objects
INFO:  Phase 2: finding surrounding indentation
INFO:  Phase 3: indenting objects
INFO:  Phase 4: final indentation check
INFO:  Output routine:
       Not outputting to file; see -w and -o switches for more options.
       --------------
INFO:  Please direct all communication/issues to:
        https://github.com/cmhughes/latexindent.pl
